running develop
running egg_info
creating explicability_node_py.egg-info
writing explicability_node_py.egg-info/PKG-INFO
writing dependency_links to explicability_node_py.egg-info/dependency_links.txt
writing entry points to explicability_node_py.egg-info/entry_points.txt
writing requirements to explicability_node_py.egg-info/requires.txt
writing top-level names to explicability_node_py.egg-info/top_level.txt
writing manifest file 'explicability_node_py.egg-info/SOURCES.txt'
reading manifest file 'explicability_node_py.egg-info/SOURCES.txt'
writing manifest file 'explicability_node_py.egg-info/SOURCES.txt'
running build_ext
Creating /home/dsobh/ros2_ws/src/explainability/install/explicability_node_py/lib/python3.10/site-packages/explicability-node-py.egg-link (link to .)
Installing explicability_node script to /home/dsobh/ros2_ws/src/explainability/install/explicability_node_py/lib/explicability_node_py
Installing explicability_node_client script to /home/dsobh/ros2_ws/src/explainability/install/explicability_node_py/lib/explicability_node_py

Installed /home/dsobh/ros2_ws/src/explainability/build/explicability_node_py
running install_data
creating /home/dsobh/ros2_ws/src/explainability/install/explicability_node_py/share/ament_index
creating /home/dsobh/ros2_ws/src/explainability/install/explicability_node_py/share/ament_index/resource_index
creating /home/dsobh/ros2_ws/src/explainability/install/explicability_node_py/share/ament_index/resource_index/packages
copying resource/explicability_node_py -> /home/dsobh/ros2_ws/src/explainability/install/explicability_node_py/share/ament_index/resource_index/packages
copying package.xml -> /home/dsobh/ros2_ws/src/explainability/install/explicability_node_py/share/explicability_node_py
creating /home/dsobh/ros2_ws/src/explainability/install/explicability_node_py/share/explicability_node_py/launch
copying launch/explicability.launch.py -> /home/dsobh/ros2_ws/src/explainability/install/explicability_node_py/share/explicability_node_py/launch
