[0.649s] Invoking command in '/home/dsobh/ros2_ws/src/explainability/build/explicability_node_py': PYTHONPATH=/home/dsobh/ros2_ws/src/explainability/build/explicability_node_py/prefix_override:/home/dsobh/ros2_ws/src/explainability/install/explicability_node_py/lib/python3.10/site-packages:${PYTHONPATH} /usr/bin/python3 setup.py develop --editable --build-directory /home/dsobh/ros2_ws/src/explainability/build/explicability_node_py/build --no-deps install_data
[0.898s] running develop
[1.081s] running egg_info
[1.081s] creating explicability_node_py.egg-info
[1.081s] writing explicability_node_py.egg-info/PKG-INFO
[1.082s] writing dependency_links to explicability_node_py.egg-info/dependency_links.txt
[1.082s] writing entry points to explicability_node_py.egg-info/entry_points.txt
[1.082s] writing requirements to explicability_node_py.egg-info/requires.txt
[1.082s] writing top-level names to explicability_node_py.egg-info/top_level.txt
[1.082s] writing manifest file 'explicability_node_py.egg-info/SOURCES.txt'
[1.084s] reading manifest file 'explicability_node_py.egg-info/SOURCES.txt'
[1.084s] writing manifest file 'explicability_node_py.egg-info/SOURCES.txt'
[1.085s] running build_ext
[1.086s] Creating /home/dsobh/ros2_ws/src/explainability/install/explicability_node_py/lib/python3.10/site-packages/explicability-node-py.egg-link (link to .)
[1.086s] Installing explicability_node script to /home/dsobh/ros2_ws/src/explainability/install/explicability_node_py/lib/explicability_node_py
[1.086s] Installing explicability_node_client script to /home/dsobh/ros2_ws/src/explainability/install/explicability_node_py/lib/explicability_node_py
[1.086s] 
[1.087s] Installed /home/dsobh/ros2_ws/src/explainability/build/explicability_node_py
[1.087s] running install_data
[1.087s] creating /home/dsobh/ros2_ws/src/explainability/install/explicability_node_py/share/ament_index
[1.087s] creating /home/dsobh/ros2_ws/src/explainability/install/explicability_node_py/share/ament_index/resource_index
[1.087s] creating /home/dsobh/ros2_ws/src/explainability/install/explicability_node_py/share/ament_index/resource_index/packages
[1.087s] copying resource/explicability_node_py -> /home/dsobh/ros2_ws/src/explainability/install/explicability_node_py/share/ament_index/resource_index/packages
[1.087s] copying package.xml -> /home/dsobh/ros2_ws/src/explainability/install/explicability_node_py/share/explicability_node_py
[1.087s] creating /home/dsobh/ros2_ws/src/explainability/install/explicability_node_py/share/explicability_node_py/launch
[1.087s] copying launch/explicability.launch.py -> /home/dsobh/ros2_ws/src/explainability/install/explicability_node_py/share/explicability_node_py/launch
[1.114s] Invoked command in '/home/dsobh/ros2_ws/src/explainability/build/explicability_node_py' returned '0': PYTHONPATH=/home/dsobh/ros2_ws/src/explainability/build/explicability_node_py/prefix_override:/home/dsobh/ros2_ws/src/explainability/install/explicability_node_py/lib/python3.10/site-packages:${PYTHONPATH} /usr/bin/python3 setup.py develop --editable --build-directory /home/dsobh/ros2_ws/src/explainability/build/explicability_node_py/build --no-deps install_data
