[0.343s] DEBUG:colcon:Command line arguments: ['/usr/bin/colcon', 'build', '--symlink-install', '--packages-select', 'explicability_node_py']
[0.343s] DEBUG:colcon:Parsed command line arguments: Namespace(log_base=None, log_level=None, verb_name='build', build_base='build', install_base='install', merge_install=False, symlink_install=True, test_result_base=None, continue_on_error=False, executor='parallel', parallel_workers=8, event_handlers=None, ignore_user_meta=False, metas=['./colcon.meta'], base_paths=['.'], packages_ignore=None, packages_ignore_regex=None, paths=None, packages_up_to=None, packages_up_to_regex=None, packages_above=None, packages_above_and_dependencies=None, packages_above_depth=None, packages_select_by_dep=None, packages_skip_by_dep=None, packages_skip_up_to=None, packages_select_build_failed=False, packages_skip_build_finished=False, packages_select_test_failures=False, packages_skip_test_passed=False, packages_select=['explicability_node_py'], packages_skip=None, packages_select_regex=None, packages_skip_regex=None, packages_start=None, packages_end=None, allow_overriding=[], cmake_args=None, cmake_target=None, cmake_target_skip_unavailable=False, cmake_clean_cache=False, cmake_clean_first=False, cmake_force_configure=False, ament_cmake_args=None, catkin_cmake_args=None, catkin_skip_building_tests=False, verb_parser=<colcon_defaults.argument_parser.defaults.DefaultArgumentsDecorator object at 0x7f921047fb80>, verb_extension=<colcon_core.verb.build.BuildVerb object at 0x7f921047f610>, main=<bound method BuildVerb.main of <colcon_core.verb.build.BuildVerb object at 0x7f921047f610>>)
[0.373s] Level 1:colcon.colcon_core.package_discovery:discover_packages(colcon_meta) check parameters
[0.373s] Level 1:colcon.colcon_core.package_discovery:discover_packages(recursive) check parameters
[0.373s] Level 1:colcon.colcon_core.package_discovery:discover_packages(ignore) check parameters
[0.373s] Level 1:colcon.colcon_core.package_discovery:discover_packages(path) check parameters
[0.373s] Level 1:colcon.colcon_core.package_discovery:discover_packages(colcon_meta) discover
[0.373s] Level 1:colcon.colcon_core.package_discovery:discover_packages(recursive) discover
[0.373s] INFO:colcon.colcon_core.package_discovery:Crawling recursively for packages in '/home/dsobh/ros2_ws/src/explainability'
[0.373s] Level 1:colcon.colcon_core.package_identification:_identify(.) by extensions ['ignore', 'ignore_ament_install']
[0.373s] Level 1:colcon.colcon_core.package_identification:_identify(.) by extension 'ignore'
[0.373s] Level 1:colcon.colcon_core.package_identification:_identify(.) by extension 'ignore_ament_install'
[0.373s] Level 1:colcon.colcon_core.package_identification:_identify(.) by extensions ['colcon_pkg']
[0.373s] Level 1:colcon.colcon_core.package_identification:_identify(.) by extension 'colcon_pkg'
[0.373s] Level 1:colcon.colcon_core.package_identification:_identify(.) by extensions ['colcon_meta']
[0.373s] Level 1:colcon.colcon_core.package_identification:_identify(.) by extension 'colcon_meta'
[0.373s] Level 1:colcon.colcon_core.package_identification:_identify(.) by extensions ['ros']
[0.373s] Level 1:colcon.colcon_core.package_identification:_identify(.) by extension 'ros'
[0.381s] Level 1:colcon.colcon_core.package_identification:_identify(.) by extensions ['cmake', 'python']
[0.381s] Level 1:colcon.colcon_core.package_identification:_identify(.) by extension 'cmake'
[0.381s] Level 1:colcon.colcon_core.package_identification:_identify(.) by extension 'python'
[0.381s] Level 1:colcon.colcon_core.package_identification:_identify(.) by extensions ['python_setup_py']
[0.381s] Level 1:colcon.colcon_core.package_identification:_identify(.) by extension 'python_setup_py'
[0.382s] Level 1:colcon.colcon_core.package_identification:_identify(build) by extensions ['ignore', 'ignore_ament_install']
[0.382s] Level 1:colcon.colcon_core.package_identification:_identify(build) by extension 'ignore'
[0.382s] Level 1:colcon.colcon_core.package_identification:_identify(build) ignored
[0.382s] Level 1:colcon.colcon_core.package_identification:_identify(explicability_msgs) by extensions ['ignore', 'ignore_ament_install']
[0.382s] Level 1:colcon.colcon_core.package_identification:_identify(explicability_msgs) by extension 'ignore'
[0.382s] Level 1:colcon.colcon_core.package_identification:_identify(explicability_msgs) by extension 'ignore_ament_install'
[0.382s] Level 1:colcon.colcon_core.package_identification:_identify(explicability_msgs) by extensions ['colcon_pkg']
[0.382s] Level 1:colcon.colcon_core.package_identification:_identify(explicability_msgs) by extension 'colcon_pkg'
[0.382s] Level 1:colcon.colcon_core.package_identification:_identify(explicability_msgs) by extensions ['colcon_meta']
[0.382s] Level 1:colcon.colcon_core.package_identification:_identify(explicability_msgs) by extension 'colcon_meta'
[0.382s] Level 1:colcon.colcon_core.package_identification:_identify(explicability_msgs) by extensions ['ros']
[0.382s] Level 1:colcon.colcon_core.package_identification:_identify(explicability_msgs) by extension 'ros'
[0.384s] DEBUG:colcon.colcon_core.package_identification:Package 'explicability_msgs' with type 'ros.ament_cmake' and name 'explicability_msgs'
[0.384s] Level 1:colcon.colcon_core.package_identification:_identify(explicability_node_py) by extensions ['ignore', 'ignore_ament_install']
[0.384s] Level 1:colcon.colcon_core.package_identification:_identify(explicability_node_py) by extension 'ignore'
[0.384s] Level 1:colcon.colcon_core.package_identification:_identify(explicability_node_py) by extension 'ignore_ament_install'
[0.384s] Level 1:colcon.colcon_core.package_identification:_identify(explicability_node_py) by extensions ['colcon_pkg']
[0.384s] Level 1:colcon.colcon_core.package_identification:_identify(explicability_node_py) by extension 'colcon_pkg'
[0.384s] Level 1:colcon.colcon_core.package_identification:_identify(explicability_node_py) by extensions ['colcon_meta']
[0.384s] Level 1:colcon.colcon_core.package_identification:_identify(explicability_node_py) by extension 'colcon_meta'
[0.384s] Level 1:colcon.colcon_core.package_identification:_identify(explicability_node_py) by extensions ['ros']
[0.384s] Level 1:colcon.colcon_core.package_identification:_identify(explicability_node_py) by extension 'ros'
[0.385s] DEBUG:colcon.colcon_core.package_identification:Package 'explicability_node_py' with type 'ros.ament_python' and name 'explicability_node_py'
[0.385s] Level 1:colcon.colcon_core.package_identification:_identify(install) by extensions ['ignore', 'ignore_ament_install']
[0.385s] Level 1:colcon.colcon_core.package_identification:_identify(install) by extension 'ignore'
[0.385s] Level 1:colcon.colcon_core.package_identification:_identify(install) ignored
[0.385s] Level 1:colcon.colcon_core.package_identification:_identify(log) by extensions ['ignore', 'ignore_ament_install']
[0.385s] Level 1:colcon.colcon_core.package_identification:_identify(log) by extension 'ignore'
[0.385s] Level 1:colcon.colcon_core.package_identification:_identify(log) ignored
[0.385s] Level 1:colcon.colcon_core.package_discovery:discover_packages(recursive) using defaults
[0.385s] Level 1:colcon.colcon_core.package_discovery:discover_packages(ignore) discover
[0.385s] Level 1:colcon.colcon_core.package_discovery:discover_packages(ignore) using defaults
[0.385s] Level 1:colcon.colcon_core.package_discovery:discover_packages(path) discover
[0.386s] Level 1:colcon.colcon_core.package_discovery:discover_packages(path) using defaults
[0.408s] INFO:colcon.colcon_core.package_selection:Skipping not selected package 'explicability_msgs' in 'explicability_msgs'
[0.409s] Level 1:colcon.colcon_core.package_discovery:discover_packages(prefix_path) check parameters
[0.409s] Level 1:colcon.colcon_core.package_discovery:discover_packages(prefix_path) discover
[0.414s] DEBUG:colcon.colcon_installed_package_information.package_discovery:Found 41 installed packages in /home/dsobh/bookros2_ws/install
[0.416s] DEBUG:colcon.colcon_installed_package_information.package_discovery:Found 50 installed packages in /home/dsobh/ros2_ws/install
[0.417s] DEBUG:colcon.colcon_installed_package_information.package_discovery:Found 402 installed packages in /opt/ros/humble
[0.420s] Level 1:colcon.colcon_core.package_discovery:discover_packages(prefix_path) using defaults
[0.508s] Level 5:colcon.colcon_core.verb:set package 'explicability_node_py' build argument 'cmake_args' from command line to 'None'
[0.509s] Level 5:colcon.colcon_core.verb:set package 'explicability_node_py' build argument 'cmake_target' from command line to 'None'
[0.509s] Level 5:colcon.colcon_core.verb:set package 'explicability_node_py' build argument 'cmake_target_skip_unavailable' from command line to 'False'
[0.509s] Level 5:colcon.colcon_core.verb:set package 'explicability_node_py' build argument 'cmake_clean_cache' from command line to 'False'
[0.509s] Level 5:colcon.colcon_core.verb:set package 'explicability_node_py' build argument 'cmake_clean_first' from command line to 'False'
[0.509s] Level 5:colcon.colcon_core.verb:set package 'explicability_node_py' build argument 'cmake_force_configure' from command line to 'False'
[0.509s] Level 5:colcon.colcon_core.verb:set package 'explicability_node_py' build argument 'ament_cmake_args' from command line to 'None'
[0.509s] Level 5:colcon.colcon_core.verb:set package 'explicability_node_py' build argument 'catkin_cmake_args' from command line to 'None'
[0.509s] Level 5:colcon.colcon_core.verb:set package 'explicability_node_py' build argument 'catkin_skip_building_tests' from command line to 'False'
[0.509s] DEBUG:colcon.colcon_core.verb:Building package 'explicability_node_py' with the following arguments: {'ament_cmake_args': None, 'build_base': '/home/dsobh/ros2_ws/src/explainability/build/explicability_node_py', 'catkin_cmake_args': None, 'catkin_skip_building_tests': False, 'cmake_args': None, 'cmake_clean_cache': False, 'cmake_clean_first': False, 'cmake_force_configure': False, 'cmake_target': None, 'cmake_target_skip_unavailable': False, 'install_base': '/home/dsobh/ros2_ws/src/explainability/install/explicability_node_py', 'merge_install': False, 'path': '/home/dsobh/ros2_ws/src/explainability/explicability_node_py', 'symlink_install': True, 'test_result_base': None}
[0.509s] INFO:colcon.colcon_core.executor:Executing jobs using 'parallel' executor
[0.512s] DEBUG:colcon.colcon_parallel_executor.executor.parallel:run_until_complete
[0.512s] INFO:colcon.colcon_ros.task.ament_python.build:Building ROS package in '/home/dsobh/ros2_ws/src/explainability/explicability_node_py' with build type 'ament_python'
[0.512s] Level 1:colcon.colcon_core.shell:create_environment_hook('explicability_node_py', 'ament_prefix_path')
[0.519s] INFO:colcon.colcon_core.plugin_system:Skipping extension 'colcon_core.shell.bat': Not used on non-Windows systems
[0.519s] INFO:colcon.colcon_core.shell:Creating environment hook '/home/dsobh/ros2_ws/src/explainability/install/explicability_node_py/share/explicability_node_py/hook/ament_prefix_path.ps1'
[0.519s] INFO:colcon.colcon_core.shell:Creating environment descriptor '/home/dsobh/ros2_ws/src/explainability/install/explicability_node_py/share/explicability_node_py/hook/ament_prefix_path.dsv'
[0.520s] INFO:colcon.colcon_core.shell:Creating environment hook '/home/dsobh/ros2_ws/src/explainability/install/explicability_node_py/share/explicability_node_py/hook/ament_prefix_path.sh'
[0.521s] INFO:colcon.colcon_core.shell:Skip shell extension 'powershell' for command environment: Not usable outside of PowerShell
[0.521s] DEBUG:colcon.colcon_core.shell:Skip shell extension 'dsv' for command environment
[0.814s] INFO:colcon.colcon_core.task.python.build:Building Python package in '/home/dsobh/ros2_ws/src/explainability/explicability_node_py'
[0.815s] INFO:colcon.colcon_core.shell:Skip shell extension 'powershell' for command environment: Not usable outside of PowerShell
[0.815s] DEBUG:colcon.colcon_core.shell:Skip shell extension 'dsv' for command environment
[1.235s] DEBUG:colcon.colcon_core.event_handler.log_command:Invoking command in '/home/dsobh/ros2_ws/src/explainability/build/explicability_node_py': PYTHONPATH=/home/dsobh/ros2_ws/src/explainability/build/explicability_node_py/prefix_override:/home/dsobh/ros2_ws/src/explainability/install/explicability_node_py/lib/python3.10/site-packages:${PYTHONPATH} /usr/bin/python3 setup.py develop --editable --build-directory /home/dsobh/ros2_ws/src/explainability/build/explicability_node_py/build --no-deps install_data
[1.735s] Level 1:colcon.colcon_core.shell:create_environment_hook('explicability_node_py', 'pythonpath_develop')
[1.737s] INFO:colcon.colcon_core.shell:Creating environment hook '/home/dsobh/ros2_ws/src/explainability/build/explicability_node_py/share/explicability_node_py/hook/pythonpath_develop.ps1'
[1.737s] DEBUG:colcon.colcon_core.event_handler.log_command:Invoked command in '/home/dsobh/ros2_ws/src/explainability/build/explicability_node_py' returned '0': PYTHONPATH=/home/dsobh/ros2_ws/src/explainability/build/explicability_node_py/prefix_override:/home/dsobh/ros2_ws/src/explainability/install/explicability_node_py/lib/python3.10/site-packages:${PYTHONPATH} /usr/bin/python3 setup.py develop --editable --build-directory /home/dsobh/ros2_ws/src/explainability/build/explicability_node_py/build --no-deps install_data
[1.737s] INFO:colcon.colcon_core.shell:Creating environment descriptor '/home/dsobh/ros2_ws/src/explainability/build/explicability_node_py/share/explicability_node_py/hook/pythonpath_develop.dsv'
[1.738s] INFO:colcon.colcon_core.shell:Creating environment hook '/home/dsobh/ros2_ws/src/explainability/build/explicability_node_py/share/explicability_node_py/hook/pythonpath_develop.sh'
[1.744s] Level 1:colcon.colcon_core.environment:checking '/home/dsobh/ros2_ws/src/explainability/install/explicability_node_py' for CMake module files
[1.745s] Level 1:colcon.colcon_core.environment:checking '/home/dsobh/ros2_ws/src/explainability/install/explicability_node_py' for CMake config files
[1.745s] Level 1:colcon.colcon_core.environment:checking '/home/dsobh/ros2_ws/src/explainability/install/explicability_node_py/lib'
[1.745s] Level 1:colcon.colcon_core.environment:checking '/home/dsobh/ros2_ws/src/explainability/install/explicability_node_py/bin'
[1.745s] Level 1:colcon.colcon_core.environment:checking '/home/dsobh/ros2_ws/src/explainability/install/explicability_node_py/lib/pkgconfig/explicability_node_py.pc'
[1.746s] Level 1:colcon.colcon_core.environment:checking '/home/dsobh/ros2_ws/src/explainability/install/explicability_node_py/lib/python3.10/site-packages'
[1.746s] Level 1:colcon.colcon_core.shell:create_environment_hook('explicability_node_py', 'pythonpath')
[1.747s] INFO:colcon.colcon_core.shell:Creating environment hook '/home/dsobh/ros2_ws/src/explainability/install/explicability_node_py/share/explicability_node_py/hook/pythonpath.ps1'
[1.747s] INFO:colcon.colcon_core.shell:Creating environment descriptor '/home/dsobh/ros2_ws/src/explainability/install/explicability_node_py/share/explicability_node_py/hook/pythonpath.dsv'
[1.747s] INFO:colcon.colcon_core.shell:Creating environment hook '/home/dsobh/ros2_ws/src/explainability/install/explicability_node_py/share/explicability_node_py/hook/pythonpath.sh'
[1.748s] Level 1:colcon.colcon_core.environment:checking '/home/dsobh/ros2_ws/src/explainability/install/explicability_node_py/bin'
[1.748s] Level 1:colcon.colcon_core.environment:create_environment_scripts_only(explicability_node_py)
[1.749s] INFO:colcon.colcon_core.shell:Creating package script '/home/dsobh/ros2_ws/src/explainability/install/explicability_node_py/share/explicability_node_py/package.ps1'
[1.750s] INFO:colcon.colcon_core.shell:Creating package descriptor '/home/dsobh/ros2_ws/src/explainability/install/explicability_node_py/share/explicability_node_py/package.dsv'
[1.750s] INFO:colcon.colcon_core.shell:Creating package script '/home/dsobh/ros2_ws/src/explainability/install/explicability_node_py/share/explicability_node_py/package.sh'
[1.751s] INFO:colcon.colcon_core.shell:Creating package script '/home/dsobh/ros2_ws/src/explainability/install/explicability_node_py/share/explicability_node_py/package.bash'
[1.751s] INFO:colcon.colcon_core.shell:Creating package script '/home/dsobh/ros2_ws/src/explainability/install/explicability_node_py/share/explicability_node_py/package.zsh'
[1.752s] Level 1:colcon.colcon_core.environment:create_file_with_runtime_dependencies(/home/dsobh/ros2_ws/src/explainability/install/explicability_node_py/share/colcon-core/packages/explicability_node_py)
[1.752s] DEBUG:colcon.colcon_parallel_executor.executor.parallel:closing loop
[1.752s] DEBUG:colcon.colcon_parallel_executor.executor.parallel:loop closed
[1.753s] DEBUG:colcon.colcon_parallel_executor.executor.parallel:run_until_complete finished with '0'
[1.753s] DEBUG:colcon.colcon_core.event_reactor:joining thread
[1.760s] INFO:colcon.colcon_core.plugin_system:Skipping extension 'colcon_notification.desktop_notification.terminal_notifier': Not used on non-Darwin systems
[1.760s] INFO:colcon.colcon_core.plugin_system:Skipping extension 'colcon_notification.desktop_notification.win32': Not used on non-Windows systems
[1.760s] INFO:colcon.colcon_notification.desktop_notification:Sending desktop notification using 'notify2'
[1.768s] DEBUG:colcon.colcon_core.event_reactor:joined thread
[1.770s] INFO:colcon.colcon_core.shell:Creating prefix script '/home/dsobh/ros2_ws/src/explainability/install/local_setup.ps1'
[1.771s] INFO:colcon.colcon_core.shell:Creating prefix util module '/home/dsobh/ros2_ws/src/explainability/install/_local_setup_util_ps1.py'
[1.771s] INFO:colcon.colcon_core.shell:Creating prefix chain script '/home/dsobh/ros2_ws/src/explainability/install/setup.ps1'
[1.774s] INFO:colcon.colcon_core.shell:Creating prefix script '/home/dsobh/ros2_ws/src/explainability/install/local_setup.sh'
[1.775s] INFO:colcon.colcon_core.shell:Creating prefix util module '/home/dsobh/ros2_ws/src/explainability/install/_local_setup_util_sh.py'
[1.775s] INFO:colcon.colcon_core.shell:Creating prefix chain script '/home/dsobh/ros2_ws/src/explainability/install/setup.sh'
[1.778s] INFO:colcon.colcon_core.shell:Creating prefix script '/home/dsobh/ros2_ws/src/explainability/install/local_setup.bash'
[1.778s] INFO:colcon.colcon_core.shell:Creating prefix chain script '/home/dsobh/ros2_ws/src/explainability/install/setup.bash'
[1.781s] INFO:colcon.colcon_core.shell:Creating prefix script '/home/dsobh/ros2_ws/src/explainability/install/local_setup.zsh'
[1.781s] INFO:colcon.colcon_core.shell:Creating prefix chain script '/home/dsobh/ros2_ws/src/explainability/install/setup.zsh'
